TobotDisinfect/proguard/seeds.txt
com.tobot.disinfect.R$styleable: int Toolbar_subtitle
com.tobot.disinfect.module.set.LowBatteryFragment
com.tobot.disinfect.R$styleable: int SearchView_layout
com.tobot.disinfect.R$styleable: int AppCompatImageView_srcCompat
com.tobot.disinfect.R$styleable: int RecyclerView_fastScrollEnabled
com.tobot.disinfect.R$styleable: int NavigationView_itemBackground
com.tobot.disinfect.R$styleable: int ActionBar_height
com.tobot.disinfect.R$styleable: int FloatingActionButton_elevation
com.tobot.disinfect.R$styleable: int[] MenuItem
com.tobot.disinfect.R$styleable: int SwitchCompat_showText
com.tobot.disinfect.R$styleable: int TabLayout_tabTextColor
com.tobot.disinfect.R$styleable: int MenuGroup_android_checkableBehavior
com.tobot.disinfect.entity.TaskBean: java.lang.String content
com.tobot.disinfect.DisinfectService: void onSwitchMapEvent(com.tobot.disinfect.event.SwitchMapEvent)
com.tobot.disinfect.module.running.TaskModeDialog
com.tobot.disinfect.R$styleable: int AppCompatTheme_colorButtonNormal
com.tobot.disinfect.R$styleable: int AppBarLayoutStates_state_collapsible
com.tobot.disinfect.R$styleable: int ActionBar_contentInsetEnd
com.tobot.disinfect.R$styleable: int AppCompatTextHelper_android_textAppearance
com.tobot.disinfect.R$styleable: int AppBarLayout_expanded
com.tobot.disinfect.R$styleable: int AppCompatTheme_listPreferredItemHeight
com.tobot.disinfect.module.deploy.action.RockerView$Direction: com.tobot.disinfect.module.deploy.action.RockerView$Direction DIRECTION_UP_RIGHT
com.tobot.disinfect.R$styleable: int NavigationView_android_background
com.tobot.disinfect.R$styleable: int AppCompatTheme_actionModeCopyDrawable
com.tobot.disinfect.module.deploy.action.RockerView$DirectionMode: com.tobot.disinfect.module.deploy.action.RockerView$DirectionMode valueOf(java.lang.String)
com.tobot.disinfect.R$styleable: int ActionMode_subtitleTextStyle
com.tobot.disinfect.module.set.task.TaskCreateActivity: void onClick(android.view.View)
com.tobot.disinfect.R$styleable: int[] BaseBar
com.tobot.disinfect.R$styleable: int AppCompatTheme_actionModeSelectAllDrawable
com.tobot.disinfect.entity.TaskBean: void writeToParcel(android.os.Parcel,int)
com.tobot.disinfect.R$styleable: int RecyclerView_fastScrollHorizontalTrackDrawable
com.tobot.disinfect.R$styleable: int AppCompatTheme_alertDialogButtonGroupStyle
com.tobot.disinfect.R$styleable: int CollapsingToolbarLayout_Layout_layout_collapseParallaxMultiplier
com.tobot.disinfect.entity.TaskBean: void setType(int)
com.tobot.disinfect.R$styleable: int AppCompatTheme_checkboxStyle
com.tobot.disinfect.module.deploy.map.AddPointViewDialog: void setOnPointListener(com.tobot.disinfect.module.deploy.map.AddPointViewDialog$OnPointListener)
com.tobot.disinfect.R$styleable: int[] PopupWindow
com.tobot.disinfect.R$styleable: int[] MenuGroup
com.tobot.disinfect.R$styleable: int NavigationView_android_fitsSystemWindows
com.tobot.disinfect.module.deploy.action.RockerView$CallBackMode: com.tobot.disinfect.module.deploy.action.RockerView$CallBackMode valueOf(java.lang.String)
com.tobot.disinfect.module.set.task.TaskSaveDialog: void setOnTaskListener(com.tobot.disinfect.module.set.task.TaskSaveDialog$OnTaskListener)
com.tobot.disinfect.entity.TaskBean: TaskBean()
com.tobot.disinfect.R$styleable: int TabLayout_tabPaddingTop
com.tobot.disinfect.R$styleable: int TextAppearance_android_textColor
com.tobot.disinfect.R$styleable: int[] AppBarLayoutStates
com.tobot.disinfect.R$styleable: int Toolbar_collapseIcon
com.tobot.disinfect.module.deploy.map.LocationEditActivity
com.tobot.disinfect.R$styleable: int DesignTheme_textColorError
com.tobot.disinfect.R$styleable: int TextAppearance_android_textStyle
com.tobot.disinfect.R$styleable: int TextInputLayout_passwordToggleTintMode
com.tobot.disinfect.R$styleable: int SearchView_suggestionRowLayout
com.tobot.disinfect.entity.TaskBean: TaskBean(android.os.Parcel)
com.tobot.disinfect.module.set.system.SystemFragment: SystemFragment()
...
android.support.v4.hardware.display.DisplayManagerCompat: java.lang.String DISPLAY_CATEGORY_PRESENTATION
android.support.v7.view.menu.MenuPopupHelper: android.support.v7.view.menu.MenuPopup createPopup()
android.support.v7.widget.SimpleItemAnimator: void onChangeFinished(android.support.v7.widget.RecyclerView$ViewHolder,boolean)
android.support.v7.util.AsyncListUtil$1: boolean isRequestedGeneration(int)
android.support.v7.widget.ActivityChooserView: boolean mIsAttachedToWindow
android.support.v7.widget.AppCompatImageView: android.graphics.PorterDuff$Mode getSupportBackgroundTintMode()
android.support.v7.widget.DecorToolbar: void setDefaultNavigationIcon(android.graphics.drawable.Drawable)
android.support.v7.widget.DefaultItemAnimator: boolean animateAdd(android.support.v7.widget.RecyclerView$ViewHolder)
android.support.v4.media.session.MediaSessionCompat$MediaSessionImplBase: boolean mDestroyed
android.support.v7.app.TwilightManager$TwilightState: long tomorrowSunrise
com.tobot.common.R$style: int RtlOverlay_Widget_AppCompat_DialogTitle_Icon
com.tobot.common.R$color: int material_grey_850
android.support.v4.media.session.MediaSessionCompat$MediaSessionImplBase$Command
android.support.design.widget.TabLayout$TabView: void update()
android.support.v4.app.BackStackRecord: android.support.v4.app.FragmentTransaction add(int,android.support.v4.app.Fragment,java.lang.String)
com.tobot.bar.R$styleable: int ViewStubCompat_android_layout
android.support.v7.widget.AbsActionBarView$VisibilityAnimListener: android.support.v7.widget.AbsActionBarView this$0
android.support.v4.media.session.PlaybackStateCompat$CustomAction: void writeToParcel(android.os.Parcel,int)
android.support.design.internal.ScrimInsetsFrameLayout: void onDetachedFromWindow()
android.support.v4.media.session.MediaControllerCompat$MediaControllerImplBase: android.support.v4.media.session.MediaControllerCompat$TransportControls mTransportControls
android.support.v4.widget.AutoScrollHelper$ClampedScroller: boolean isFinished()
android.support.v4.media.session.MediaSessionCompat$MediaSessionImplBase$MediaSessionStub: void play()
android.support.design.R$attr: int colorControlNormal
android.support.v4.app.FragmentManagerState$1: java.lang.Object createFromParcel(android.os.Parcel)
android.support.v7.widget.helper.ItemTouchHelper$ViewDropHandler
android.support.v7.app.ToolbarActionBar: void setDisplayShowHomeEnabled(boolean)
android.support.v4.media.MediaMetadataCompat$Builder: android.os.Bundle mBundle
android.support.v4.media.MediaBrowserServiceCompatApi24$ServiceCompatProxy
android.support.design.internal.NavigationMenuPresenter: android.support.v7.view.menu.MenuView getMenuView(android.view.ViewGroup)
android.support.v4.view.PointerIconCompat: int TYPE_TEXT
android.support.v7.appcompat.R$style: int Base_Widget_AppCompat_ActionButton_Overflow
android.support.v4.widget.DrawerLayout$ViewDragCallback: android.support.v4.widget.DrawerLayout this$0
android.support.v4.app.NotificationCompatBase: NotificationCompatBase()
android.support.v4.view.ViewPager: int mCloseEnough
android.support.v4.view.ViewCompat$ViewCompatApi21Impl: float getZ(android.view.View)
android.support.v7.view.menu.MenuItemWrapperICS: char getNumericShortcut()
android.support.v4.widget.FocusStrategy$BoundsAdapter: void obtainBounds(java.lang.Object,android.graphics.Rect)
android.support.v7.app.ToolbarActionBar: android.support.v7.app.ActionBar$Tab getSelectedTab()
android.support.v4.content.AsyncTaskLoader: AsyncTaskLoader(android.content.Context,java.util.concurrent.Executor)
android.support.v4.widget.CursorAdapter: java.lang.Object getItem(int)
android.support.v7.widget.RecyclerView$LayoutManager: int getLayoutDirection()
android.support.v4.media.session.ParcelableVolumeInfo
android.support.v4.os.IResultReceiver$Stub$Proxy
android.support.design.internal.BottomNavigationMenuView: int mItemHeight
android.support.v7.appcompat.R$styleable: int SearchView_searchIcon
android.support.design.R$id: int touch_outside