TobotDisinfect/proguard/unused.txt
com.tobot.disinfect.R$integer
com.tobot.disinfect.db.MySQLiteHelper
    public static final java.lang.String ID
    public static final java.lang.String MAP_NAME
    public static final java.lang.String LOCATION_NUMBER
    public static final java.lang.String LOCATION_NAME_CHINA
    public static final java.lang.String LOCATION_NAME_ENGLISH
    public static final java.lang.String CONTENT
    public static final java.lang.String X
    public static final java.lang.String Y
    public static final java.lang.String YAW
    public static final java.lang.String TYPE
    public static final java.lang.String SENSOR_STATUS
    public static final java.lang.String START_X
    public static final java.lang.String START_Y
    public static final java.lang.String END_X
    public static final java.lang.String END_Y
    public static final java.lang.String NAME
    public static final java.lang.String MODE
    public static final java.lang.String TIME
    public static final java.lang.String TASK_NAME
    public static final java.lang.String LOOP_COUNT
    public static final java.lang.String RUN_MODE
    public static final java.lang.String OBSTACLE_MODE
    private static final java.lang.String DATABASE_NAME
    private static final int DATABASE_VERSION
    public static final java.lang.String TABLE_LOCATION
    public static final java.lang.String TABLE_TASK
    public static final java.lang.String TABLE_TASK_DETAIL
    public static final java.lang.String TABLE_WAIT_POINT
com.tobot.disinfect.module.set.task.TaskFragment
    private static final int SPAN_COUNT
com.tobot.disinfect.module.deploy.action.RockerView
    private static final java.lang.String TAG
    private static final int DEFAULT_SIZE
    private static final int DEFAULT_ROCKER_RADIUS
    private static final double ANGLE_0
    private static final double ANGLE_360
    private static final double ANGLE_HORIZONTAL_2D_OF_0P
    private static final double ANGLE_HORIZONTAL_2D_OF_1P
    private static final double ANGLE_VERTICAL_2D_OF_0P
    private static final double ANGLE_VERTICAL_2D_OF_1P
    private static final double ANGLE_4D_OF_0P
    private static final double ANGLE_4D_OF_1P
    private static final double ANGLE_4D_OF_2P
    private static final double ANGLE_4D_OF_3P
    private static final double ANGLE_ROTATE45_4D_OF_0P
    private static final double ANGLE_ROTATE45_4D_OF_1P
    private static final double ANGLE_ROTATE45_4D_OF_2P
    private static final double ANGLE_ROTATE45_4D_OF_3P
    private static final double ANGLE_8D_OF_0P
    private static final double ANGLE_8D_OF_1P
    private static final double ANGLE_8D_OF_2P
    private static final double ANGLE_8D_OF_3P
    private static final double ANGLE_8D_OF_4P
    private static final double ANGLE_8D_OF_5P
    private static final double ANGLE_8D_OF_6P
    private static final double ANGLE_8D_OF_7P
    private static final int AREA_BACKGROUND_MODE_PIC
    private static final int AREA_BACKGROUND_MODE_COLOR
    private static final int AREA_BACKGROUND_MODE_XML
com.tobot.disinfect.module.main.ServiceCallBackHelper$ServiceCallBackHelperHolder
    private void <init>()
com.tobot.disinfect.R$mipmap
com.tobot.disinfect.R$dimen
com.tobot.disinfect.module.set.task.TaskCreateActivity
    private static final int SPAN_COUNT
com.tobot.disinfect.module.main.MapHelper
    private static final java.lang.String TAG
com.tobot.disinfect.module.deploy.map.AddPointViewDialog
    private static final java.lang.String TAG
...
org.greenrobot.eventbus.util.ErrorDialogFragmentFactory$Support
com.tobot.common.R$id
    private void <init>()
com.bumptech.glide.load.model.stream.StreamResourceLoader
com.bumptech.glide.load.engine.EngineJobListener
com.bumptech.glide.request.target.SquaringDrawable$State
com.bumptech.glide.load.model.file_descriptor.FileDescriptorResourceLoader$Factory
com.bumptech.glide.load.resource.file.StreamFileDataLoadProvider$1
com.bumptech.glide.load.engine.cache.MemoryCacheAdapter
com.bumptech.glide.load.model.stream.HttpUrlGlideUrlLoader$Factory
com.bumptech.glide.load.resource.UnitTransformation
com.bumptech.glide.load.engine.bitmap_recycle.GroupedLinkedMap$LinkedEntry
com.bumptech.glide.load.model.stream.StreamUrlLoader$Factory
com.bumptech.glide.load.data.ByteArrayFetcher
com.tobot.common.util.FileParser
com.tobot.common.util.MusicPlayer$2
com.tobot.common.util.NumberUtils
com.bumptech.glide.RequestManager$VideoModelRequest
com.bumptech.glide.GlideBuilder$1
org.greenrobot.eventbus.util.ErrorDialogFragmentFactory$Honeycomb
com.bumptech.glide.load.engine.EngineKeyFactory
com.bumptech.glide.request.animation.GlideAnimation$ViewAdapter
com.tobot.slam.agent.g
    static java.lang.String b(com.tobot.slam.agent.a,com.slamtec.slamware.AbstractSlamwarePlatform)
    static java.lang.String c(com.tobot.slam.agent.a,com.slamtec.slamware.AbstractSlamwarePlatform)
    static java.lang.String d(com.tobot.slam.agent.a,com.slamtec.slamware.AbstractSlamwarePlatform)
    static com.tobot.slam.data.NetBean e(com.tobot.slam.agent.a,com.slamtec.slamware.AbstractSlamwarePlatform)
    static void a(com.tobot.slam.agent.a,com.slamtec.slamware.AbstractSlamwarePlatform,com.slamtec.slamware.robot.Pose)
    static void b(com.tobot.slam.agent.a,com.slamtec.slamware.AbstractSlamwarePlatform,com.slamtec.slamware.robot.Pose)
    static com.slamtec.slamware.robot.SleepMode q(com.tobot.slam.agent.a,com.slamtec.slamware.AbstractSlamwarePlatform)
    static com.slamtec.slamware.action.IMoveAction t(com.tobot.slam.agent.a,com.slamtec.slamware.AbstractSlamwarePlatform)
    static boolean b(com.tobot.slam.agent.a,com.slamtec.slamware.AbstractSlamwarePlatform,java.lang.String)
    static void a(com.tobot.slam.agent.a,com.slamtec.slamware.AbstractSlamwarePlatform,int,com.slamtec.slamware.message.DepthCameraFrame)
    static boolean a(com.tobot.slam.agent.a,com.slamtec.slamware.AbstractSlamwarePlatform,com.slamtec.slamware.robot.ArtifactUsage,java.util.List)
    static boolean a(com.tobot.slam.agent.a,com.slamtec.slamware.AbstractSlamwarePlatform,java.util.List)
com.tobot.slam.data.NetBean
    public void <init>()
    public java.lang.String getMode()
    public void setMode(java.lang.String)
    public java.lang.String getSsid()
    public void setSsid(java.lang.String)
    public java.lang.String getIp()
    public void setIp(java.lang.String)
com.tobot.bar.R$drawable
com.bumptech.glide.load.engine.bitmap_recycle.SizeStrategy$KeyPool
com.tobot.common.util.VideoThumbLoader$BitmapAsyncTask
org.greenrobot.eventbus.util.ErrorDialogManager$SupportManagerFragment
    public static void attachTo(android.app.Activity,java.lang.Object,boolean,android.os.Bundle)
    public void onEventMainThread(org.greenrobot.eventbus.util.ThrowableFailureEvent)
    protected boolean finishAfterDialog
    protected android.os.Bundle argumentsForErrorDialog
    private java.lang.Object executionScope
com.bumptech.glide.load.resource.file.FileToStreamDecoder$FileOpener
com.bumptech.glide.GenericRequestBuilder$2
com.bumptech.glide.request.target.BaseTarget
com.bumptech.glide.load.model.stream.StreamByteArrayLoader
com.bumptech.glide.load.engine.bitmap_recycle.SizeConfigStrategy$Key
com.tobot.aidl.IDisinfectCallBack$Stub$Proxy
    public java.lang.String getInterfaceDescriptor()
    public void onIntent(int)
com.bumptech.glide.manager.DefaultConnectivityMonitor$1
com.bumptech.glide.load.data.StreamAssetPathFetcher
com.tobot.slam.agent.a.f